<?xml version="1.0" encoding="UTF-8"?>
<!-- Generated by org.testng.reporters.JUnitReportReporter -->
<testsuite hostname="MuhammadHaris-PC" failures="0" tests="2" name="SiteAdministration.NewTest1" time="27.203" errors="0" timestamp="2021-09-08T17:47:36 PKT" skipped="0">
  <testcase classname="SiteAdministration.NewTest1" name="DeletePermissionGroupsOtherthanDefault" time="18.864"/>
  <system-out/>
  <testcase classname="SiteAdministration.NewTest1" name="ClearBranchTable" time="8.339"/>
  <system-out/>
</testsuite> <!-- SiteAdministration.NewTest1 -->
