<?xml version="1.0" encoding="UTF-8"?>
<!-- Generated by org.testng.reporters.JUnitReportReporter -->
<testsuite hostname="MuhammadHaris-PC" failures="0" tests="1" name="SiteAdministration.NewTest" time="6.678" errors="0" timestamp="2021-09-08T17:42:38 PKT" skipped="0">
  <testcase classname="SiteAdministration.NewTest" name="ClearBranchTable" time="6.678"/>
  <system-out/>
</testsuite> <!-- SiteAdministration.NewTest -->
