<?xml version="1.0" encoding="UTF-8"?>
<!-- Generated by org.testng.reporters.JUnitReportReporter -->
<testsuite hostname="MuhammadHaris-PC" failures="0" tests="1" name="SiteAdministration.ServerPermissions" time="8.827" errors="0" timestamp="2021-09-07T19:34:31 PKT" skipped="0">
  <testcase classname="SiteAdministration.ServerPermissions" name="verifyDefaultPermissionGroup" time="8.827"/>
  <system-out/>
</testsuite> <!-- SiteAdministration.ServerPermissions -->
