<?xml version="1.0" encoding="UTF-8"?>
<!-- Generated by org.testng.reporters.JUnitReportReporter -->
<testsuite hostname="MuhammadHaris-PC" failures="0" tests="1" name="SiteAdministration.ServerPermissions" time="8.054" errors="0" timestamp="2021-08-30T16:32:23 PKT" skipped="0">
  <testcase classname="SiteAdministration.ServerPermissions" name="verifyDefaultPermissionGroup" time="8.054"/>
  <system-out/>
</testsuite> <!-- SiteAdministration.ServerPermissions -->
